call_appointments
call_authenticate
call_chkduplicateemail
call_chkuserlogged
call_clearsymptom
call_clinic
call_common
call_contact
call_diet
call_doctor
call_forgotpassword
call_home
call_image
call_medication
call_organization
call_patient
call_physicalactivity
call_profile
call_pushmedication
call_pushsymptom
call_saveuser
call_setsession
call_signout
call_symptom
call_userappt
call_usersymptom
call_uservideo
call_video
call_woundcare
calldashboard
calldashboard_date
callform
callformwithparentkey
callme
callmenuitem
callserver
callsetval
callshowdocument
callshowpdf
chkpassword
div_visible_chk
div_visible_hide
div_visible_show
flash_error
format_phone
getfields
goto_page
goto_patient
hide_div
kalert
message_clear
mypopup
mysleep
playvideo
roundit
show_div
show_error
show_fields
show_info
show_patient
uploaddocument_chkname
uploadfilechk
validate_email
validate_phone
validatefields
